#
# A fatal error has been detected by the Java Runtime Environment:
#
#  SIGSEGV (0xb) at pc=0x00007f04d974f401, pid=15164, tid=15179
#
# JRE version: OpenJDK Runtime Environment (11.0.7+10) (build 11.0.7+10-post-Ubuntu-2ubuntu218.04)
# Java VM: OpenJDK 64-Bit Server VM (11.0.7+10-post-Ubuntu-2ubuntu218.04, mixed mode, sharing, tiered, compressed oops, g1 gc, linux-amd64)
# Problematic frame:
# C  [libjimage.so+0x2401]
#
# Core dump will be written. Default location: Core dumps may be processed with "/usr/share/apport/apport %p %s %c %d %P %E" (or dumping to /home/mayank/Documents/workspace-spring-tool-suite-4-4.7.0.RELEASE/Quavantis/core.15164)
#
# If you would like to submit a bug report, please visit:
#   https://bugs.launchpad.net/ubuntu/+source/openjdk-lts
#

---------------  S U M M A R Y ------------

Command Line: -agentlib:jdwp=transport=dt_socket,suspend=y,address=localhost:45213 -Dcom.sun.management.jmxremote -Dcom.sun.management.jmxremote.port=33915 -Dcom.sun.management.jmxremote.authenticate=false -Dcom.sun.management.jmxremote.ssl=false -Djava.rmi.server.hostname=localhost -Dspring.jmx.enabled=true -Dspring.application.admin.enabled=true -Xverify:none -XX:TieredStopAtLevel=1 -Dspring.boot.project.name=Quavantis -javaagent:/home/mayank/Downloads/spring-tool-suite-4-4.7.0.RELEASE-e4.16.0-linux.gtk.x86_64/sts-4.7.0.RELEASE/configuration/org.eclipse.osgi/241/0/.cp/lib/javaagent-shaded.jar -Dfile.encoding=UTF-8 com.Quavantis.QuavantisApplication --spring.output.ansi.enabled=always

Host: Intel(R) Core(TM) i5-4210U CPU @ 1.70GHz, 4 cores, 3G, Ubuntu 18.04.4 LTS
Time: Sun Jul  5 19:14:48 2020 IST elapsed time: 406 seconds (0d 0h 6m 46s)

---------------  T H R E A D  ---------------

Current thread (0x00007f04d4133000):  JavaThread "Signal Dispatcher" daemon [_thread_in_vm, id=15179, stack(0x00007f04b40ef000,0x00007f04b41f0000)]

Stack: [0x00007f04b40ef000,0x00007f04b41f0000],  sp=0x00007f04b41ed1e0,  free space=1016k
Native frames: (J=compiled Java code, A=aot compiled Java code, j=interpreted, Vv=VM code, C=native code)
C  [libjimage.so+0x2401]
C  [libjimage.so+0x30ea]
C  [libjimage.so+0x35c6]